<<<<<<< HEAD
{"level":"verbose","message":"Verbose info","timestamp":"12:39:43"}
{"level":"info","message":"Hello world","timestamp":"12:39:43"}
{"level":"warn","message":"Warning message","timestamp":"12:39:43"}
{"level":"error","message":"Error info","timestamp":"12:39:43"}
{"level":"verbose","message":"Verbose info","timestamp":"13:00:03"}
{"level":"info","message":"Hello world","timestamp":"13:00:03"}
{"level":"warn","message":"Warning message","timestamp":"13:00:03"}
{"level":"error","message":"Error info","timestamp":"13:00:03"}
{"level":"verbose","message":"Verbose info","timestamp":"13:10:06"}
{"level":"info","message":"Hello world","timestamp":"13:10:06"}
{"level":"warn","message":"Warning message","timestamp":"13:10:06"}
{"level":"error","message":"Error info","timestamp":"13:10:06"}
=======
{"level":"verbose","message":"Verbose info","timestamp":"14:28:51"}
{"level":"info","message":"Hello world","timestamp":"14:28:51"}
{"level":"warn","message":"Warning message","timestamp":"14:28:51"}
{"level":"error","message":"Error info","timestamp":"14:28:51"}
{"level":"verbose","message":"Verbose info","timestamp":"15:20:59"}
{"level":"info","message":"Hello world","timestamp":"15:20:59"}
{"level":"warn","message":"Warning message","timestamp":"15:20:59"}
{"level":"error","message":"Error info","timestamp":"15:20:59"}
{"level":"verbose","message":"Verbose info","timestamp":"16:58:18"}
{"level":"info","message":"Hello world","timestamp":"16:58:18"}
{"level":"warn","message":"Warning message","timestamp":"16:58:18"}
{"level":"error","message":"Error info","timestamp":"16:58:18"}
{"level":"verbose","message":"Verbose info","timestamp":"18:03:18"}
{"level":"info","message":"Hello world","timestamp":"18:03:19"}
{"level":"warn","message":"Warning message","timestamp":"18:03:19"}
{"level":"error","message":"Error info","timestamp":"18:03:19"}
{"level":"verbose","message":"Verbose info","timestamp":"18:41:28"}
{"level":"info","message":"Hello world","timestamp":"18:41:28"}
{"level":"warn","message":"Warning message","timestamp":"18:41:28"}
{"level":"error","message":"Error info","timestamp":"18:41:28"}
{"level":"verbose","message":"Verbose info","timestamp":"18:44:12"}
{"level":"info","message":"Hello world","timestamp":"18:44:12"}
{"level":"warn","message":"Warning message","timestamp":"18:44:12"}
{"level":"error","message":"Error info","timestamp":"18:44:12"}
{"level":"verbose","message":"Verbose info","timestamp":"18:46:51"}
{"level":"info","message":"Hello world","timestamp":"18:46:51"}
{"level":"warn","message":"Warning message","timestamp":"18:46:51"}
{"level":"error","message":"Error info","timestamp":"18:46:51"}
{"level":"verbose","message":"Verbose info","timestamp":"18:57:31"}
{"level":"info","message":"Hello world","timestamp":"18:57:31"}
{"level":"warn","message":"Warning message","timestamp":"18:57:31"}
{"level":"error","message":"Error info","timestamp":"18:57:31"}
{"level":"verbose","message":"Verbose info","timestamp":"18:59:45"}
{"level":"info","message":"Hello world","timestamp":"18:59:45"}
{"level":"warn","message":"Warning message","timestamp":"18:59:45"}
{"level":"error","message":"Error info","timestamp":"18:59:45"}
{"level":"verbose","message":"Verbose info","timestamp":"19:01:29"}
{"level":"info","message":"Hello world","timestamp":"19:01:29"}
{"level":"warn","message":"Warning message","timestamp":"19:01:29"}
{"level":"error","message":"Error info","timestamp":"19:01:29"}
{"level":"verbose","message":"Verbose info","timestamp":"19:11:40"}
{"level":"info","message":"Hello world","timestamp":"19:11:40"}
{"level":"warn","message":"Warning message","timestamp":"19:11:40"}
{"level":"error","message":"Error info","timestamp":"19:11:40"}
{"level":"verbose","message":"Verbose info","timestamp":"19:18:42"}
{"level":"info","message":"Hello world","timestamp":"19:18:42"}
{"level":"warn","message":"Warning message","timestamp":"19:18:42"}
{"level":"error","message":"Error info","timestamp":"19:18:42"}
{"level":"verbose","message":"Verbose info","timestamp":"19:21:00"}
{"level":"info","message":"Hello world","timestamp":"19:21:00"}
{"level":"warn","message":"Warning message","timestamp":"19:21:00"}
{"level":"error","message":"Error info","timestamp":"19:21:00"}
{"level":"verbose","message":"Verbose info","timestamp":"19:24:27"}
{"level":"info","message":"Hello world","timestamp":"19:24:27"}
{"level":"warn","message":"Warning message","timestamp":"19:24:27"}
{"level":"error","message":"Error info","timestamp":"19:24:27"}
{"level":"verbose","message":"Verbose info","timestamp":"19:25:16"}
{"level":"info","message":"Hello world","timestamp":"19:25:16"}
{"level":"warn","message":"Warning message","timestamp":"19:25:16"}
{"level":"error","message":"Error info","timestamp":"19:25:16"}
{"level":"verbose","message":"Verbose info","timestamp":"19:27:41"}
{"level":"info","message":"Hello world","timestamp":"19:27:41"}
{"level":"warn","message":"Warning message","timestamp":"19:27:41"}
{"level":"error","message":"Error info","timestamp":"19:27:41"}
{"level":"verbose","message":"Verbose info","timestamp":"19:31:04"}
{"level":"info","message":"Hello world","timestamp":"19:31:04"}
{"level":"warn","message":"Warning message","timestamp":"19:31:04"}
{"level":"error","message":"Error info","timestamp":"19:31:04"}
{"level":"verbose","message":"Verbose info","timestamp":"19:32:42"}
{"level":"info","message":"Hello world","timestamp":"19:32:42"}
{"level":"warn","message":"Warning message","timestamp":"19:32:42"}
{"level":"error","message":"Error info","timestamp":"19:32:42"}
{"level":"verbose","message":"Verbose info","timestamp":"19:36:06"}
{"level":"info","message":"Hello world","timestamp":"19:36:06"}
{"level":"warn","message":"Warning message","timestamp":"19:36:06"}
{"level":"error","message":"Error info","timestamp":"19:36:06"}
{"level":"verbose","message":"Verbose info","timestamp":"19:37:40"}
{"level":"info","message":"Hello world","timestamp":"19:37:40"}
{"level":"warn","message":"Warning message","timestamp":"19:37:40"}
{"level":"error","message":"Error info","timestamp":"19:37:40"}
{"level":"verbose","message":"Verbose info","timestamp":"19:39:11"}
{"level":"info","message":"Hello world","timestamp":"19:39:11"}
{"level":"warn","message":"Warning message","timestamp":"19:39:11"}
{"level":"error","message":"Error info","timestamp":"19:39:11"}
{"level":"verbose","message":"Verbose info","timestamp":"19:40:17"}
{"level":"info","message":"Hello world","timestamp":"19:40:17"}
{"level":"warn","message":"Warning message","timestamp":"19:40:17"}
{"level":"error","message":"Error info","timestamp":"19:40:17"}
{"level":"verbose","message":"Verbose info","timestamp":"19:42:22"}
{"level":"info","message":"Hello world","timestamp":"19:42:22"}
{"level":"warn","message":"Warning message","timestamp":"19:42:22"}
{"level":"error","message":"Error info","timestamp":"19:42:22"}
{"level":"verbose","message":"Verbose info","timestamp":"19:43:07"}
{"level":"info","message":"Hello world","timestamp":"19:43:07"}
{"level":"warn","message":"Warning message","timestamp":"19:43:07"}
{"level":"error","message":"Error info","timestamp":"19:43:07"}
>>>>>>> b70b78cd32e38a4ac918e75500378db1eed3ecb7
